{
  "0 debug pnpm:scope": {
    "selected": 1
  },
  "1 debug pnpm:package-manifest": {
    "initial": {
      "name": "textedit",
      "version": "0.0.1",
      "private": true,
      "scripts": {
        "dev": "vite dev",
        "build": "vite build",
        "preview": "vite preview",
        "check": "svelte-kit sync && svelte-check --tsconfig ./jsconfig.json",
        "check:watch": "svelte-kit sync && svelte-check --tsconfig ./jsconfig.json --watch",
        "lint": "prettier --check . && eslint .",
        "format": "prettier --write ."
      },
      "devDependencies": {
        "@sveltejs/adapter-auto": "next",
        "@sveltejs/kit": "next",
        "eslint": "^8.16.0",
        "eslint-config-prettier": "^8.3.0",
        "eslint-plugin-svelte3": "^4.0.0",
        "prettier": "^2.6.2",
        "prettier-plugin-svelte": "^2.7.0",
        "svelte": "^3.44.0",
        "svelte-check": "^2.7.1",
        "typescript": "^4.7.4",
        "vite": "^3.0.4"
      },
      "type": "module"
    },
    "prefix": "C:\\Users\\Sam\\Documents\\GitHub\\textEdit"
  },
  "2 debug pnpm:context": {
    "currentLockfileExists": false,
    "storeDir": "C:\\Users\\Sam\\AppData\\Local\\pnpm\\store\\v3",
    "virtualStoreDir": "C:\\Users\\Sam\\Documents\\GitHub\\textEdit\\node_modules\\.pnpm"
  },
  "3 debug pnpm:stage": {
    "prefix": "C:\\Users\\Sam\\Documents\\GitHub\\textEdit",
    "stage": "resolution_started"
  },
  "4 debug pnpm:_dependency_resolved": {
    "resolution": "registry.npmjs.org/eslint-plugin-svelte3/4.0.0",
    "wanted": {
      "dependentId": ".",
      "name": "eslint-plugin-svelte3",
      "rawSpec": "^4.0.0"
    }
  },
  "5 debug pnpm:progress": {
    "packageId": "registry.npmjs.org/eslint-plugin-svelte3/4.0.0",
    "requester": "C:\\Users\\Sam\\Documents\\GitHub\\textEdit",
    "status": "resolved"
  },
  "6 debug pnpm:progress": {
    "packageId": "registry.npmjs.org/eslint-plugin-svelte3/4.0.0",
    "requester": "C:\\Users\\Sam\\Documents\\GitHub\\textEdit",
    "status": "found_in_store"
  },
  "7 debug pnpm:update-check": {
    "currentVersion": "7.2.0",
    "latestVersion": "7.9.5"
  },
  "8 debug pnpm:_dependency_resolved": {
    "resolution": "registry.npmjs.org/svelte-check/2.9.0",
    "wanted": {
      "dependentId": ".",
      "name": "svelte-check",
      "rawSpec": "^2.7.1"
    }
  },
  "9 debug pnpm:progress": {
    "packageId": "registry.npmjs.org/svelte-check/2.9.0",
    "requester": "C:\\Users\\Sam\\Documents\\GitHub\\textEdit",
    "status": "resolved"
  },
  "10 debug pnpm:_dependency_resolved": {
    "resolution": "registry.npmjs.org/eslint-config-prettier/8.5.0",
    "wanted": {
      "dependentId": ".",
      "name": "eslint-config-prettier",
      "rawSpec": "^8.3.0"
    }
  },
  "11 debug pnpm:progress": {
    "packageId": "registry.npmjs.org/eslint-config-prettier/8.5.0",
    "requester": "C:\\Users\\Sam\\Documents\\GitHub\\textEdit",
    "status": "resolved"
  },
  "12 debug pnpm:progress": {
    "packageId": "registry.npmjs.org/eslint-config-prettier/8.5.0",
    "requester": "C:\\Users\\Sam\\Documents\\GitHub\\textEdit",
    "status": "found_in_store"
  },
  "13 debug pnpm:fetching-progress": {
    "attempt": 1,
    "packageId": "registry.npmjs.org/svelte-check/2.9.0",
    "size": 699762,
    "status": "started"
  },
  "14 warn pnpm:install-check": {
    "message": "Unsupported engine for registry.npmjs.org/@sveltejs/kit/1.0.0-next.448: wanted: {\"node\":\">=16.14\"} (current: {\"node\":\"v16.13.1\",\"pnpm\":\"7.2.0\"})",
    "prefix": "C:\\Users\\Sam\\Documents\\GitHub\\textEdit"
  },
  "15 error pnpm": {
    "code": "ERR_PNPM_UNSUPPORTED_ENGINE",
    "packageId": "registry.npmjs.org/@sveltejs/kit/1.0.0-next.448",
    "wanted": {
      "node": ">=16.14"
    },
    "current": {
      "node": "v16.13.1",
      "pnpm": "7.2.0"
    },
    "pkgsStack": [],
    "err": {
      "name": "pnpm",
      "message": "Unsupported engine for registry.npmjs.org/@sveltejs/kit/1.0.0-next.448: wanted: {\"node\":\">=16.14\"} (current: {\"node\":\"v16.13.1\",\"pnpm\":\"7.2.0\"})",
      "code": "ERR_PNPM_UNSUPPORTED_ENGINE",
      "stack": "pnpm: Unsupported engine for registry.npmjs.org/@sveltejs/kit/1.0.0-next.448: wanted: {\"node\":\">=16.14\"} (current: {\"node\":\"v16.13.1\",\"pnpm\":\"7.2.0\"})\n    at checkEngine (C:\\Users\\Sam\\AppData\\Roaming\\nvm\\v16.13.1\\node_modules\\pnpm\\dist\\pnpm.cjs:41302:16)\n    at checkPackage (C:\\Users\\Sam\\AppData\\Roaming\\nvm\\v16.13.1\\node_modules\\pnpm\\dist\\pnpm.cjs:43550:74)\n    at packageIsInstallable (C:\\Users\\Sam\\AppData\\Roaming\\nvm\\v16.13.1\\node_modules\\pnpm\\dist\\pnpm.cjs:43520:20)\n    at resolveAndFetch (C:\\Users\\Sam\\AppData\\Roaming\\nvm\\v16.13.1\\node_modules\\pnpm\\dist\\pnpm.cjs:91679:117)\n    at runMicrotasks (<anonymous>)\n    at processTicksAndRejections (node:internal/process/task_queues:96:5)\n    at async resolveDependency (C:\\Users\\Sam\\AppData\\Roaming\\nvm\\v16.13.1\\node_modules\\pnpm\\dist\\pnpm.cjs:116535:23)\n    at async resolveDependenciesOfDependency (C:\\Users\\Sam\\AppData\\Roaming\\nvm\\v16.13.1\\node_modules\\pnpm\\dist\\pnpm.cjs:116374:39)\n    at async Promise.all (index 1)\n    at async resolveDependencies (C:\\Users\\Sam\\AppData\\Roaming\\nvm\\v16.13.1\\node_modules\\pnpm\\dist\\pnpm.cjs:116303:29)"
    }
  }
}